
2019-01-08 11:17:39 请求数据：http://127.0.0.1:8080/yyfz/api/login?username=system_admin&password=admin

2019-01-08 11:17:41 程序异常信息：
   在 System.Net.HttpWebRequest.GetResponse()
   在 Xr.Http.HttpClass.loginPost(String url) 
   在 触发文件： f:\工作（博爱医院）\预约分诊\YY\client\manager\Xr.Http\HttpClass.cs:行号 44
   在 触发方法：System.Net.WebResponse GetResponse()
   在 异常信息：无法连接到远程服务器

2019-01-08 15:16:24 请求数据：http://192.168.200.42:8092/itflogin?username=system_admin&password=admin

2019-01-08 15:16:24 响应结果：<html lang="zh-cn">
<head>
	<title>404 - 页面不存在</title>
	
	<meta http-equiv="Content-Type" content="text/html; charset=UTF-8">
	<meta http-equiv="X-UA-Compatible" content="IE=edge">
	<meta name="viewport" content="width=device-width, initial-scale=1">
	<meta name="renderer" content="webkit">
    <link rel="stylesheet" type="text/css" href="/static/boot3/css/bootstrap.min.css?v=3.4.0">
    <link rel="stylesheet" type="text/css" href="/static/boot3/css/font-awesome.min.css?v=4.3.0">
    <link rel="stylesheet" type="text/css" href="/static/boot3/css/animate.min.css">
   
    <link rel="stylesheet" type="text/css" href="/static/boot3/css/plugins/awesome-bootstrap-checkbox/awesome-bootstrap-checkbox.css">
    
    <!-- 全局js -->
    <script src="/static/boot3/js/jquery-2.1.1.min.js"></script>
    <script src="/static/boot3/js/jquery-migrate-1.2.1.js"></script>
    <script src="/static/boot3/js/bootstrap.min.js?v=3.4.0"></script>
    <!-- Peity -->
    <script src="/static/boot3/js/plugins/peity/jquery.peity.min.js"></script>
    <!-- jQuery Validation plugin javascript-->
    <link  href="/static/boot3/js/plugins/validate/1.11.1/jquery.validate.min.css" rel="stylesheet" type="text/css"/>
    <script src="/static/boot3/js/plugins/validate/1.11.1/jquery.validate.min.js"></script>
    <script src="/static/boot3/js/plugins/validate/1.11.1/jquery.validate.method.min.js"></script>
    <!-- layer -->
    <link rel="stylesheet" type="text/css" href="/static/boot3/js/plugins/layer/skin/layer.css">
    <link rel="stylesheet" type="text/css" href="/static/boot3/js/plugins/layer/skin/layer.ext.css" >
    <link rel="stylesheet" type="text/css" href="/static/boot3/js/plugins/layer/skin/moon/style.css">
    <script src="/static/boot3/js/plugins/layer/layer.min.js"></script>
    <!-- Toastr script -->
    <link rel="stylesheet" type="text/css" href="/static/boot3/css/plugins/toastr/toastr.min.css">
    <script src="/static/boot3/js/plugins/toastr/toastr.min.js"></script>
    
    <!-- Jbox -->
    <link href="/static/jquery-jbox/2.3/Skins/Bootstrap/jbox.css" rel="stylesheet" />
    <script src="/static/jquery-jbox/2.3/jquery.jBox-2.3.min.js" type="text/javascript"></script>
    <script src="/static/jquery-jbox/2.3/i18n/jquery.jBox-zh-CN.min.js" type="text/javascript"></script>
    
    <!-- 自定义 -->
    <link rel="stylesheet" type="text/css" href="/static/boot3/css/style.min.css?v=3.2.0">
    <script src="/static/boot3/js/content.min.js?v=1.0.0"></script>
    <script src="/static/boot3/js/checkBox.js?v=1.0.0"></script>
    
</head>
<body>
	<div class="container-fluid">
		<div class="page-header"><h1>页面不存在.</h1></div>
		<div><a href="javascript:" onclick="history.go(-1);" class="btn">返回上一页</a></div>
		<script>try{top.$.jBox.closeTip();}catch(e){}</script>
	</div>
</body>
</html>

2019-01-08 15:16:52 请求数据：http://127.0.0.1:8080/yyfz/api/login?username=system_admin&password=admin

2019-01-08 15:16:54 程序异常信息：
   在 System.Net.HttpWebRequest.GetResponse()
   在 Xr.Http.HttpClass.loginPost(String url) 
   在 触发文件： f:\工作（博爱医院）\预约分诊\YY\client\manager\Xr.Http\HttpClass.cs:行号 44
   在 触发方法：System.Net.WebResponse GetResponse()
   在 异常信息：无法连接到远程服务器
